<?xml version="1.0" encoding="UTF-8"?>
<!-- Generated by org.testng.reporters.JUnitReportReporter -->
<testsuite hostname="Sreeni" name="sdet9.sdet9.RestAsssured.QueryParameterTest" tests="1" failures="0" timestamp="18 Feb 2021 06:45:17 GMT" time="7.192" errors="0">
  <testcase name="queryParameterTest" time="7.192" classname="sdet9.sdet9.RestAsssured.QueryParameterTest"/>
</testsuite> <!-- sdet9.sdet9.RestAsssured.QueryParameterTest -->
